<?xml version="1.0" encoding="utf-8"?><testsuites name="pytest tests"><testsuite name="pytest" errors="0" failures="0" skipped="0" tests="12" time="81.380" timestamp="2026-01-01T13:54:41.287390+00:00" hostname="agent-env-be59799a-8506-47b6-ad32-6dce141fadea"><testcase classname="tests.test_content_command.TestContentCommandStatus" name="test_content_status" time="0.064" /><testcase classname="tests.test_content_command.TestCareerMantras" name="test_get_entrepreneur_mantra" time="15.383" /><testcase classname="tests.test_content_command.TestCareerMantras" name="test_get_student_mantra" time="16.544" /><testcase classname="tests.test_content_command.TestCareerMantras" name="test_get_corporate_mantra" time="14.114" /><testcase classname="tests.test_content_command.TestCareerMantras" name="test_get_repeater_mantra" time="15.723" /><testcase classname="tests.test_content_command.TestCareerMantras" name="test_list_all_mantras" time="0.060" /><testcase classname="tests.test_content_command.TestLegalDocuments" name="test_generate_nda" time="0.038" /><testcase classname="tests.test_content_command.TestLegalDocuments" name="test_generate_offer_letter" time="0.037" /><testcase classname="tests.test_content_command.TestLegalDocuments" name="test_list_legal_documents" time="0.034" /><testcase classname="tests.test_content_command.TestTranslation" name="test_translate_text" time="2.730" /><testcase classname="tests.test_content_command.TestShareCard" name="test_create_share_card" time="16.544" /><testcase classname="tests.test_content_command.TestTargetSegments" name="test_get_target_segments" time="0.055" /></testsuite></testsuites>