<?xml version="1.0" encoding="utf-8"?><testsuites name="pytest tests"><testsuite name="pytest" errors="0" failures="0" skipped="0" tests="19" time="1.251" timestamp="2026-01-01T21:27:00.070229+00:00" hostname="agent-env-ce69abb7-49b6-4916-9ac9-961b2ec036a0"><testcase classname="tests.test_captain_command.TestCaptainCommandStatus" name="test_get_status" time="0.073" /><testcase classname="tests.test_captain_command.TestBusinessVerticals" name="test_get_all_verticals" time="0.046" /><testcase classname="tests.test_captain_command.TestBusinessVerticals" name="test_get_vertical_b2g" time="0.041" /><testcase classname="tests.test_captain_command.TestBusinessVerticals" name="test_get_vertical_b2b" time="0.043" /><testcase classname="tests.test_captain_command.TestBusinessVerticals" name="test_get_invalid_vertical" time="0.036" /><testcase classname="tests.test_captain_command.TestLeaderAssignment" name="test_assign_leader" time="0.044" /><testcase classname="tests.test_captain_command.TestLeaderAssignment" name="test_assign_leader_invalid_vertical" time="0.041" /><testcase classname="tests.test_captain_command.TestLeaderAssignment" name="test_get_all_leaders" time="0.044" /><testcase classname="tests.test_captain_command.TestOnboarding" name="test_start_onboarding" time="0.037" /><testcase classname="tests.test_captain_command.TestOnboarding" name="test_start_onboarding_invalid_vertical" time="0.038" /><testcase classname="tests.test_captain_command.TestOnboarding" name="test_onboarding_chat_first_task" time="0.121" /><testcase classname="tests.test_captain_command.TestOnboarding" name="test_onboarding_chat_tips" time="0.121" /><testcase classname="tests.test_captain_command.TestOnboarding" name="test_onboarding_chat_kata_progress" time="0.118" /><testcase classname="tests.test_captain_command.TestOnboarding" name="test_onboarding_chat_invalid_session" time="0.036" /><testcase classname="tests.test_captain_command.TestOnboarding" name="test_update_kata_progress" time="0.080" /><testcase classname="tests.test_captain_command.TestOnboarding" name="test_update_kata_progress_to_orbit" time="0.077" /><testcase classname="tests.test_captain_command.TestOnboarding" name="test_update_kata_progress_invalid_kata" time="0.074" /><testcase classname="tests.test_captain_command.TestDashboardMetrics" name="test_get_dashboard_metrics" time="0.041" /><testcase classname="tests.test_captain_command.TestKataSystem" name="test_get_kata_system" time="0.039" /></testsuite></testsuites>