<?xml version="1.0" encoding="utf-8"?><testsuites name="pytest tests"><testsuite name="pytest" errors="0" failures="0" skipped="0" tests="9" time="0.814" timestamp="2026-01-01T01:02:44.071318+00:00" hostname="agent-env-f489eb5c-551c-4b14-847c-bea74447dcf4"><testcase classname="tests.test_backend_api.TestHealthCheck" name="test_api_root" time="0.079" /><testcase classname="tests.test_backend_api.TestDoersProfileAPI" name="test_create_profile" time="0.075" /><testcase classname="tests.test_backend_api.TestDoersProfileAPI" name="test_get_profile_by_id" time="0.123" /><testcase classname="tests.test_backend_api.TestDoersProfileAPI" name="test_get_profile_not_found" time="0.075" /><testcase classname="tests.test_backend_api.TestDoersProfileAPI" name="test_get_profile_by_user_id" time="0.071" /><testcase classname="tests.test_backend_api.TestFamilyAPI" name="test_create_family" time="0.037" /><testcase classname="tests.test_backend_api.TestFamilyAPI" name="test_get_family_by_id" time="0.080" /><testcase classname="tests.test_backend_api.TestFamilyAPI" name="test_get_family_not_found" time="0.040" /><testcase classname="tests.test_backend_api.TestSeedData" name="test_seed_data" time="0.039" /></testsuite></testsuites>