<?xml version="1.0" encoding="utf-8"?><testsuites name="pytest tests"><testsuite name="pytest" errors="0" failures="0" skipped="0" tests="17" time="0.794" timestamp="2026-01-01T14:43:10.067007+00:00" hostname="agent-env-be59799a-8506-47b6-ad32-6dce141fadea"><testcase classname="tests.test_gemma_offline.TestGemmaStatus" name="test_gemma_status_returns_200" time="0.072" /><testcase classname="tests.test_gemma_offline.TestGemmaLanguages" name="test_gemma_languages_returns_all_languages" time="0.036" /><testcase classname="tests.test_gemma_offline.TestGemmaChat" name="test_chat_with_telugu_query_offline" time="0.038" /><testcase classname="tests.test_gemma_offline.TestGemmaChat" name="test_chat_with_kannada_query_offline" time="0.036" /><testcase classname="tests.test_gemma_offline.TestGemmaChat" name="test_chat_with_english_query" time="0.032" /><testcase classname="tests.test_gemma_offline.TestGemmaChat" name="test_chat_with_government_schemes_query" time="0.032" /><testcase classname="tests.test_gemma_offline.TestGemmaChat" name="test_chat_returns_related_resources" time="0.074" /><testcase classname="tests.test_gemma_offline.TestGemmaCareerData" name="test_career_data_english" time="0.037" /><testcase classname="tests.test_gemma_offline.TestGemmaCareerData" name="test_career_data_telugu" time="0.034" /><testcase classname="tests.test_gemma_offline.TestGemmaCareerData" name="test_career_data_kannada" time="0.038" /><testcase classname="tests.test_gemma_offline.TestGemmaDoersScore" name="test_doers_score_calculation" time="0.037" /><testcase classname="tests.test_gemma_offline.TestGemmaDoersScore" name="test_doers_score_graduate_level" time="0.034" /><testcase classname="tests.test_gemma_offline.TestGemmaDoersScore" name="test_doers_score_minimum_input" time="0.032" /><testcase classname="tests.test_gemma_offline.TestGemmaQuickQuestions" name="test_quick_questions_english" time="0.034" /><testcase classname="tests.test_gemma_offline.TestGemmaQuickQuestions" name="test_quick_questions_telugu" time="0.032" /><testcase classname="tests.test_gemma_offline.TestGemmaQuickQuestions" name="test_quick_questions_kannada" time="0.073" /><testcase classname="tests.test_gemma_offline.TestGemmaOfflineCache" name="test_offline_cache_returns_all_data" time="0.033" /></testsuite></testsuites>