<?xml version="1.0" encoding="utf-8"?><testsuites name="pytest tests"><testsuite name="pytest" errors="0" failures="0" skipped="0" tests="18" time="1.091" timestamp="2026-01-01T15:05:16.347180+00:00" hostname="agent-env-be59799a-8506-47b6-ad32-6dce141fadea"><testcase classname="tests.test_whatsapp_signing.TestWhatsAppStatus" name="test_whatsapp_status_returns_200" time="0.069" /><testcase classname="tests.test_whatsapp_signing.TestNDASigning" name="test_send_nda_creates_signing_request" time="0.042" /><testcase classname="tests.test_whatsapp_signing.TestNDASigning" name="test_send_nda_missing_fields_returns_error" time="0.037" /><testcase classname="tests.test_whatsapp_signing.TestOfferSigning" name="test_send_offer_creates_signing_request" time="0.035" /><testcase classname="tests.test_whatsapp_signing.TestOfferSigning" name="test_send_offer_missing_fields_returns_error" time="0.040" /><testcase classname="tests.test_whatsapp_signing.TestSigningsList" name="test_list_signings_returns_array" time="0.076" /><testcase classname="tests.test_whatsapp_signing.TestSigningsList" name="test_list_signings_with_limit" time="0.033" /><testcase classname="tests.test_whatsapp_signing.TestSigningsList" name="test_list_signings_with_status_filter" time="0.035" /><testcase classname="tests.test_whatsapp_signing.TestFounderApproval" name="test_request_approval_creates_request" time="0.046" /><testcase classname="tests.test_whatsapp_signing.TestOTPVerification" name="test_verify_invalid_signing_id_returns_404" time="0.079" /><testcase classname="tests.test_whatsapp_signing.TestOTPVerification" name="test_verify_wrong_otp_returns_failure" time="0.066" /><testcase classname="tests.test_whatsapp_signing.TestDocumentViews" name="test_view_nda_nonexistent_returns_404" time="0.036" /><testcase classname="tests.test_whatsapp_signing.TestDocumentViews" name="test_view_offer_nonexistent_returns_404" time="0.033" /><testcase classname="tests.test_whatsapp_signing.TestDocumentViews" name="test_view_nda_after_creation" time="0.069" /><testcase classname="tests.test_whatsapp_signing.TestIncomingMessages" name="test_incoming_help_command" time="0.033" /><testcase classname="tests.test_whatsapp_signing.TestIncomingMessages" name="test_incoming_unknown_command" time="0.074" /><testcase classname="tests.test_whatsapp_signing.TestWelcomeNotification" name="test_send_welcome_notification" time="0.032" /><testcase classname="tests.test_whatsapp_signing.TestEndToEndFlow" name="test_complete_nda_signing_flow" time="0.173" /></testsuite></testsuites>