<?xml version="1.0" encoding="utf-8"?><testsuites name="pytest tests"><testsuite name="pytest" errors="0" failures="0" skipped="0" tests="9" time="0.963" timestamp="2026-01-01T21:37:42.334010+00:00" hostname="agent-env-ce69abb7-49b6-4916-9ac9-961b2ec036a0"><testcase classname="tests.test_mission_board.TestMissionBoard" name="test_get_mission_board" time="0.089" /><testcase classname="tests.test_mission_board.TestMissionBoard" name="test_mission_board_vertical_codes" time="0.049" /><testcase classname="tests.test_mission_board.TestMissionBoardActivity" name="test_get_mission_activity" time="0.046" /><testcase classname="tests.test_mission_board.TestMissionBoardLeaderboard" name="test_get_leaderboard" time="0.059" /><testcase classname="tests.test_mission_board.TestMissionBoardLogMilestone" name="test_log_milestone_success" time="0.091" /><testcase classname="tests.test_mission_board.TestMissionBoardLogMilestone" name="test_log_milestone_invalid_vertical" time="0.060" /><testcase classname="tests.test_mission_board.TestMissionBoardLogMilestone" name="test_log_milestone_with_different_types" time="0.283" /><testcase classname="tests.test_mission_board.TestMissionBoardIntegration" name="test_leader_assignment_affects_mission_board" time="0.121" /><testcase classname="tests.test_mission_board.TestMissionBoardIntegration" name="test_activity_feed_shows_recent_activities" time="0.075" /></testsuite></testsuites>